{
  "RSpec": {
    "coverage": {
      "/Users/Franz/Desktop/apps/portfolio/spec/features/blog_spec.rb": [
        1,
        null,
        0,
        0,
        0,
        0,
        0,
        0,
        0,
        0,
        0,
        0,
        null,
        null,
        0,
        0,
        0,
        0,
        0,
        0,
        0,
        0,
        0,
        0,
        null,
        null,
        0,
        0,
        0,
        0,
        0,
        0,
        0,
        0,
        0,
        null,
        null
      ],
      "/Users/Franz/Desktop/apps/portfolio/spec/rails_helper.rb": [
        null,
        1,
        1,
        null,
        0,
        0,
        0,
        null,
        null,
        null,
        null,
        null,
        null,
        null,
        null,
        null,
        null,
        null,
        null,
        null,
        null,
        null,
        null,
        null,
        null,
        null,
        0,
        null,
        0,
        null,
        0,
        null,
        null,
        null,
        null,
        0,
        null,
        null,
        null,
        null,
        null,
        null,
        null,
        null,
        null,
        null,
        null,
        null,
        null,
        null,
        0,
        null
      ],
      "/Users/Franz/Desktop/apps/portfolio/config/environment.rb": [
        null,
        1,
        null,
        null,
        0
      ],
      "/Users/Franz/Desktop/apps/portfolio/config/application.rb": [
        1,
        null,
        0,
        null,
        0,
        0,
        0,
        0,
        0,
        0,
        0,
        null,
        null,
        null,
        null,
        null,
        null,
        0,
        null,
        0,
        0,
        null,
        null,
        null,
        null,
        null,
        null,
        null,
        null,
        null,
        null,
        null,
        null,
        null,
        0,
        null,
        null
      ],
      "/Users/Franz/Desktop/apps/portfolio/config/boot.rb": [
        1,
        null,
        1
      ]
    },
    "timestamp": 1437153238
  }
}
